<?xml version="1.0" encoding="UTF-8"?>
<!-- Generated by org.testng.reporters.JUnitReportReporter -->
<testsuite hostname="DESKTOP-CTUQCKS" name="com.longteng.selenium.testcase.P2pLoginCase" tests="2" failures="0" timestamp="23 Nov 2016 14:44:49 GMT" time="13.258" errors="0">
  <testcase name="loginCase" time="7.121" classname="com.longteng.selenium.testcase.P2pLoginCase"/>
  <testcase name="loginCase" time="6.137" classname="com.longteng.selenium.testcase.P2pLoginCase"/>
</testsuite> <!-- com.longteng.selenium.testcase.P2pLoginCase -->
